
Configuration file [version 4]: /usr/local/ld.config  
  Platform:	32-bit LSB 80386
  Default Library Path (ELF):	/usr/local/lib:/lib:/usr/lib
  Trusted Directories (ELF):	/lib/secure:/usr/lib/secure  (system default)

Directory: /usr/local/lib
  libpangox-1.0.so
  libjpeg.so.7.0.0
  libpanel.so.5
  libsvn_swig_perl-1.so.0
  libaprutil-1.so.0
  libxml2.so
  libpangoft2-1.0.so.0
  libgcrypt.so.11
  libgmodule-2.0.so
  libsvn_fs_util-1.so
  libcairo.so
  librrd.so
  librrd_th.so.4.1.2
  libaprutil-1.so.0.3.9
  libfontconfig.so.1
  libcairo.so.2.10800.8
  libsvn_diff-1.so.0.0.0
  libpanel.so.5.7
  libatk-1.0.so
  libgdk-x11-2.0.so.0
  libatk-1.0.so.0.2609.1
  libpanel.so
  libexpat.so.1.5.2
  libglib-2.0.so.0.2200.2
  libneon.so.27.2.0
  libgettextsrc-0.17.so
  libcurl.so.4.1.1
  libasprintf.so.0.0.0
  libsqlite3.so.0
  libapr-1.so
  libgio-2.0.so
  libsqlite3.so.0.8.6
  libttf.so
  libpango-1.0.so.0.2600.1
  libgobject-2.0.so.0
  libgthread-2.0.so.0.2200.2
  libexslt.so
  libgiblib.so
  libgmodule-2.0.so.0
  libexpat.so.1
  libsvn_delta-1.so
  libapr-1.so.0
  libsvn_repos-1.so.0
  libgthread-2.0.so
  libsvn_fs_fs-1.so
  libmenu.so.5.7
  libgettextlib.so
  libssl.so.0.9.8
  libsvn_ra-1.so
  libsvn_swig_perl-1.so
  libpixman-1.so
  libgdk_pixbuf_xlib-2.0.so.0.1800.3
  libfreetype.so.6.3.22
  libsvn_ra_svn-1.so.0.0.0
  libiconv.so.2.4.0
  libxml2.so.2
  libncurses.so
  libaprutil-1.so
  libpng.so.3
  libtk8.5.so
  libcurl.so.4
  librrd_th.so.4
  libsvn_ra_local-1.so
  libsvn_ra_neon-1.so.0
  libform.so.5
  libpng12.so
  libpng12.so.0
  libsvn_repos-1.so.0.0.0
  librrd.so.4
  libgailutil.so
  libsvn_ra-1.so.0
  libsvn_ra_neon-1.so
  libpng12.so.0.40.0
  libgiblib.so.1.0.6
  libsvn_wc-1.so.0.0.0
  libgailutil.so.18
  libsvn_subr-1.so.0.0.0
  libglib-2.0.so
  libsvn_fs_util-1.so.0
  libcharset.so.1
  libgcrypt.so
  libsvn_fs-1.so.0.0.0
  libhistory.so.6
  libsqlite3.so
  libpangocairo-1.0.so
  libpixman-1.so.0.16.2
  libgettextlib-0.17.so
  libsvn_ra_local-1.so.0
  libfontconfig.so
  libgobject-2.0.so.0.2200.2
  libgobject-2.0.so
  libpango-1.0.so.0
  libgettextpo.so.0
  libsvn_fs-1.so
  libcharset.so
  libpng.so.3.40.0
  libgtk-x11-2.0.so.0.1800.3
  libsvn_ra_local-1.so.0.0.0
  libjpeg.so
  libsvn_fs_fs-1.so.0
  libsvn_wc-1.so
  libxslt.so.1
  libmenu.so.5
  libgdk_pixbuf_xlib-2.0.so
  libcrypto.so.0.9.8
  libreadline.so.6
  libfontconfig.so.1.4.3
  libasprintf.so.0
  libexslt.so.0
  libxml2.so.2.6.32
  libpangox-1.0.so.0.2600.1
  libxslt.so.1.1.26
  libpangox-1.0.so.0
  libncurses.so.5
  librrd.so.4.1.2
  libgthread-2.0.so.0
  libreadline.so
  libsvn_client-1.so.0.0.0
  libgettextsrc.so
  libImlib2.so.1.4.2
  libsvn_diff-1.so
  libexpat.so
  libneon.so
  libgdk_pixbuf-2.0.so
  libImlib2.so
  librrd_th.so
  libasprintf.so
  libpng.so
  libncurses.so.5.7
  libform.so
  libsvn_subr-1.so
  libsvn_diff-1.so.0
  libcharset.so.1.0.0
  libneon.so.27
  libpangocairo-1.0.so.0
  libttf.so.2
  libcrypto.so
  libgdk_pixbuf_xlib-2.0.so.0
  libpixman-1.so.0
  libsvn_delta-1.so.0
  libsvn_fs-1.so.0
  libsvn_subr-1.so.0
  libfreetype.so.6
  libsvn_fs_util-1.so.0.0.0
  libhistory.so
  libiconv.so.2
  libgtk-x11-2.0.so
  libsvn_ra_svn-1.so
  libcairo.so.2
  libmenu.so
  libsvn_ra-1.so.0.0.0
  libgdk_pixbuf-2.0.so.0
  libpangocairo-1.0.so.0.2600.1
  libgdk-x11-2.0.so
  libsvn_client-1.so.0
  libform.so.5.7
  libgcrypt.so.11.5.2
  libjpeg.so.7
  libttf.so.2.4.0
  libpangoft2-1.0.so
  libgio-2.0.so.0
  libglib-2.0.so.0
  libgettextpo.so
  libcurl.so
  libsvn_delta-1.so.0.0.0
  libsvn_wc-1.so.0
  libgio-2.0.so.0.2200.2
  libgdk_pixbuf-2.0.so.0.1800.3
  libgettextpo.so.0.4.0
  libexslt.so.0.8.15
  libtcl8.5.so
  libgailutil.so.18.0.1
  libgdk-x11-2.0.so.0.1800.3
  libpangoft2-1.0.so.0.2600.1
  libsvn_client-1.so
  libsvn_ra_neon-1.so.0.0.0
  libgmodule-2.0.so.0.2200.2
  libapr-1.so.0.3.9
  preloadable_libiconv.so
  libgiblib.so.1
  libsvn_repos-1.so
  libatk-1.0.so.0
  libgtk-x11-2.0.so.0
  libxslt.so
  libsvn_fs_fs-1.so.0.0.0
  libssl.so
  libImlib2.so.1
  libsvn_ra_svn-1.so.0
  libiconv.so
  libsvn_swig_perl-1.so.0.0.0
  libpango-1.0.so
  libfreetype.so

Directory: /usr/local/root/gettext-0.17/lib
  libgettextsrc-0.17.so
  libasprintf.so.0.0.0
  libgettextlib-0.17.so
  libgettextpo.so.0.4.0

Directory: /usr/local/root/libgcrypt-1.4.4/lib
  libgcrypt.so.11.5.2

Directory: /usr/local/root/subversion-1.6.6/lib
  libsvn_diff-1.so.0.0.0
  libsvn_ra_svn-1.so.0.0.0
  libsvn_repos-1.so.0.0.0
  libsvn_wc-1.so.0.0.0
  libsvn_subr-1.so.0.0.0
  libsvn_fs-1.so.0.0.0
  libsvn_ra_local-1.so.0.0.0
  libsvn_client-1.so.0.0.0
  libsvn_fs_util-1.so.0.0.0
  libsvn_ra-1.so.0.0.0
  libsvn_delta-1.so.0.0.0
  libsvn_ra_neon-1.so.0.0.0
  libsvn_fs_fs-1.so.0.0.0
  libsvn_swig_perl-1.so.0.0.0

Directory: /usr/local/root/atk-1.26.0/lib
  libatk-1.0.so.0.2609.1

Directory: /usr/local/root/ncurses-5.7/lib
  libpanel.so.5.7
  libmenu.so.5.7
  libncurses.so.5.7
  libform.so.5.7

Directory: /usr/local/root/giblib-1.2.4/lib
  libgiblib.so.1.0.6

Directory: /usr/local/root/glib-2.22.2/lib
  libglib-2.0.so.0.2200.2
  libgthread-2.0.so.0.2200.2
  libgobject-2.0.so.0.2200.2
  libgio-2.0.so.0.2200.2
  libgmodule-2.0.so.0.2200.2

Directory: /usr/local/root/libxslt-1.1.26/lib
  libxslt.so.1.1.26
  libexslt.so.0.8.15

Directory: /usr/local/root/gtk+-2.18.3/lib
  libgdk_pixbuf_xlib-2.0.so.0.1800.3
  libgtk-x11-2.0.so.0.1800.3
  libgdk_pixbuf-2.0.so.0.1800.3
  libgailutil.so.18.0.1
  libgdk-x11-2.0.so.0.1800.3

Directory: /usr/local/root/readline-6.0/lib
  libhistory.so.6
  libreadline.so.6

Directory: /usr/local/root/rrdtool-1.4.2/lib
  librrd_th.so.4.1.2
  librrd.so.4.1.2

Directory: /usr/local/root/freetype-1.3.1/lib
  libttf.so.2.4.0

Directory: /usr/local/root/jpegsrc.v7/lib
  libjpeg.so.7.0.0

Directory: /usr/local/root/libpng-1.2.40/lib
  libpng12.so.0.40.0
  libpng.so.3.40.0

Directory: /usr/local/root/pango-1.26.1/lib
  libpango-1.0.so.0.2600.1
  libpangox-1.0.so.0.2600.1
  libpangocairo-1.0.so.0.2600.1
  libpangoft2-1.0.so.0.2600.1

Directory: /usr/local/root/cairo-1.8.8/lib
  libcairo.so.2.10800.8

Directory: /usr/local/root/openssl-0.9.8l/lib
  libssl.so.0.9.8
  libcrypto.so.0.9.8

Directory: /usr/local/root/httpd-2.2.14/lib
  libaprutil-1.so.0.3.9
  libapr-1.so.0.3.9

Directory: /usr/local/root/pixman-0.16.2/lib
  libpixman-1.so.0.16.2

Directory: /usr/local/root/imlib2-1.4.2/lib
  libImlib2.so.1.4.2

Directory: /usr/local/root/tk8.5.8/lib
  libtk8.5.so

Directory: /usr/local/root/libxml2-2.6.32/lib
  libxml2.so.2.6.32

Directory: /usr/local/root/fontconfig-2.7.3/lib
  libfontconfig.so.1.4.3

Directory: /usr/local/root/expat-2.0.1/lib
  libexpat.so.1.5.2

Directory: /usr/local/root/freetype-2.3.11/lib
  libfreetype.so.6.3.22

Directory: /usr/local/root/curl-7.19.7/lib
  libcurl.so.4.1.1

Directory: /usr/local/root/tcl8.5.8/lib
  libtcl8.5.so

Directory: /usr/local/root/neon-0.29.0/lib
  libneon.so.27.2.0

Directory: /usr/local/root/sqlite-3.6.20/lib
  libsqlite3.so.0.8.6

Directory: /usr/local/root/libiconv-1.12/lib
  libiconv.so.2.4.0
  libcharset.so.1.0.0
  preloadable_libiconv.so

Directory: /lib
  libnwam.so.1
  libkmf.so
  libthread_db.so.1
  libtsol.so.2
  libdhcputil.so.1
  libintl.so
  librpcsvc.so.1
  libxml2.so
  libsec.so
  libdl.so.1
  libnsl.so.1
  c_synonyms.so.1
  libkmf.so.1
  libadm.so
  libbsm.so.1
  libscf.so.1
  libbsm.so
  libumem.so.1
  libaio.so.1
  libuuid.so
  libm.so
  libc_db.so
  libsecdb.so.1
  libctf.so
  libposix4.so
  libthread.so
  libcmdutils.so.1
  libsendfile.so.1
  libctf.so.1
  nss_files.so.1
  libm.so.2
  libm.so.1
  libelf.so
  libcontract.so.1
  libdoor.so.1
  libmeta.so
  libipmp.so.1
  libtsnet.so.1
  libnsl.so
  nss_user.so.1
  libproc.so
  libmtsk.so
  libpam.so.1
  libsysevent.so
  libz.so
  libdevinfo.so.1
  nss_compat.so.1
  libsocket.so
  libsysevent.so.1
  libMPAPI.so
  libpam.so
  libssl.so.0.9.8
  libmtsk_db.so
  libxml2.so.2
  libdevid.so
  libmvec.so
  librtld.so.1
  libkmfberder.so.1
  libnvpair.so
  libpthread.so
  libdoor.so
  libtermlib.so.1
  libefi.so
  libmd.so
  libmpscsi_vhci.so
  libelfsign.so
  libcryptoutil.so
  libmd5.so
  libipmp.so
  libproc.so.1
  nss_dns.so.1
  libmd.so.1
  libcurses.so.1
  libdlpi.so.1
  libdevice.so
  librcm.so
  libtermcap.so.1
  libsecdb.so
  libintl.so.1
  libcontract.so
  librtld_db.so
  libavl.so.1
  libresolv.so.2
  libresolv.so.1
  libmtsk_db.so.1
  libefi.so.1
  nss_nis.so.1
  libpthread.so.1
  librpcsvc.so
  libinetutil.so.1
  libc.so
  libmd5.so.1
  libcrypto.so.0.9.8
  libelf.so.1
  librcm.so.1
  librt.so.1
  libsendfile.so
  libmpscsi_vhci.so.1
  libelfsign.so.1
  libxnet.so.1
  libMPAPI.so.1
  librt.so
  libc.so.1
  libc_db.so.1
  libaio.so
  libmp.so
  libtsol.so
  libdladm.so.1
  libmp.so.2
  libmp.so.1
  libmvec.so.1
  librtld_db.so.1
  libw.so
  libdevice.so.1
  libgen.so.1
  libresolv.so
  libdhcpagent.so.1
  libld.so.4
  libthread_db.so
  libcryptoutil.so.1
  libcrypto.so
  libw.so.1
  librestart.so.1
  liblddbg.so.4
  libtermlib.so
  libmeta.so.1
  nss_nisplus.so.1
  libkstat.so
  libscf.so
  libgen.so
  ld.so.1
  libdevinfo.so
  libdevid.so.1
  libumem.so
  libz.so.1
  libxnet.so
  libkstat.so.1
  libdl.so
  libadm.so.1
  libdlpi.so
  libsec.so.1
  libuuid.so.1
  libsocket.so.1
  libtermcap.so
  libposix4.so.1
  libuutil.so.1
  libzfs.so.1
  libkmfberder.so
  libcurses.so
  libnvpair.so.1
  libzfs.so
  libssl.so
  libmtsk.so.1
  libinetcfg.so.1
  libthread.so.1

Directory: /usr/lib
  libpangox-1.0.so
  libpython2.4.so
  libpcrecpp.so.0.0.0
  libhal.so.1.0.0
  libgnome-media-profiles.so.0
  libXvMC.so.1
  libbaconvideowidget.so
  libtiff.so.3.8.2
  libvorbis.so.0.4.0
  libgpilotdconduit.so
  libWand.so.10
  libespeak.so
  libthread_db.so.1
  libgstriff-0.10.so
  libtsol.so.2
  libdhcputil.so.1
  libgdict-1.0.so.6.0.3
  libdisasm.so.1
  libgtk-x11-2.0.so.0.1400.5
  libvorbisenc.so.2
  libintl.so
  libgstnet-0.10.so.0
  libexif-gtk.so.5
  libiiimcf.so.3
  libiiimp.so
  libpanel.so.1
  libgnome-2.so.0.2400.1
  nss_ldap.so.1
  librpcsvc.so.1
  libnvidia-tls.so.1
  libiiimp.so.1.0.0
  libxml2.so
  libXcursor.so.1
  libpangoft2-1.0.so.0
  libedata-book-1.2.so.2
  libgcrypt.so.11
  libnautilus-extension.so.1
  libXdmcp.so.6
  libgmodule-2.0.so
  libcamel-provider-1.2.so.14
  libvte.so
  libsec.so
  libgthumb.so
  libpisock.so.9.0.2
  libgucharmap.so.7
  liblgrp.so
  libmlib.so
  libgtksourceview-2.0.so.0
  libxprof.so
  libgtkspell.so.0.0.0
  libgksuui1.0.so.0
  libsasl.so
  libgnome-window-settings.so.1
  libgstcontroller-0.10.so
  libcrle.so.1
  libnetsnmp.so
  libaudiofile.so.0
  libmapmalloc.so
  libdl.so.1
  libcairo.so
  libcroco-0.6.so
  libpython2.4.so.1.0
  libgp11.so.0.0.0
  libtheoradec.so.1
  libXdamage.so.1
  libsctp.so
  libpctx.so.1
  libgstcdda-0.10.so.0
  libnsl.so.1
  libanthydic.so.0
  libbz2.so.1
  libadutils.so
  libsexy.so.2
  libscf.so.1
  libbsm.so.1
  VBoxOGLerrorspu.so
  libadm.so
  libecal-1.2.so
  libbsm.so
  libumem.so.1
  libXfixes.so
  libfontconfig.so.1
  libpng10.so
  libbrlapi.so.0.5.1
  libpcre.so.0
  liblcms.so.1.0.16
  libipmi.so.1
  libaio.so.1
  libpng10.so.0
  libcairo.so.2.10800.4
  libXmu.so.4
  libbonobo-2.so
  libgpg-error.so
  libuuid.so
  libnautilus-extension.so.1.1.0
  libgstdataprotocol-0.10.so.0.18.0
  libpisock.so.9
  libseaExtensions.so
  libgobject-2.0.so.0.1800.3
  lib300.so
  libm.so
  libevbackend.so.0
  libxprof.so.1
  libpng12.so.0.35.0
  libc_db.so
  libatk-1.0.so
  libgsttag-0.10.so.0
  libgdk-x11-2.0.so.0
  libexpat.so.1.5.2
  libgthread-2.0.so.0.1800.3
  libpanel.so
  libspeexdsp.so.1.5.0
  libXmu.so
  libpisock.so
  libtasn1.so.3
  libX11.so
  libgnome-desktop-2.so
  libzonecfg.so.1
  libadutils.so.1
  libsecdb.so.1
  libanthyinput.so
  libenchant.so.1
  libnetsnmphelpers.so
  libcanberra.so.0
  libgnome-media-profiles.so.0.0.0
  libgstdataprotocol-0.10.so
  libgnome-2.so.0
  libgstfft-0.10.so
  libIDL-2.so
  libgphoto2.so.2
  libnotify.so
  libSDL-1.2.so.0.11.2
  libcups.so.2
  libctf.so
  libsys.so.1
  libgstsdp-0.10.so
  libgstrtp-0.10.so
  libhal-storage.so.1.0.0
  libesd.so
  libgpilotdcm.so.2.1.0
  libdaemon.so
  libhangul.so.0.1.0
  libart_lgpl_2.so.2
  libposix4.so
  libthread.so
  librhythmbox-core.so.0.0.0
  libXt.so
  libcmdutils.so.1
  libCstd.so.1
  libgphoto2.so.2.3.0
  libotr.so.2.2.0
  libgstvideo-0.10.so
  libpisync.so.1
  libkrb5.so.1
  libsendfile.so.1
  libcpc.so
  libpopt.so
  libpicld_pluginutil.so
  nss_files.so.1
  libctf.so.1
  libpanel-applet-2.so.0
  libpicld_pluginutil.so.1
  libsip.so
  libsqlite3.so.0
  libtk8.4.so
  libm.so.2
  libgstriff-0.10.so.0
  libpisync.so.1.0.3
  libm.so.1
  libnotify.so.1
  libgio-2.0.so
  libelf.so
  libldstab.so.1
  libsip.so.1
  libpapi.so
  libcmd.so
  libcontract.so.1
  libdoor.so.1
  libmeta.so
  libnetsnmpmibs.so
  libcanberra-gtk.so.0.0.3
  libbaconvideowidget.so.0.0.0
  libedata-cal-1.2.so.6.0.2
  libinetsvc.so.1
  libpapi-common.so.0
  libgdata-1.2.so.1.0.0
  libbe.so.1
  libpciaccess.so
  libSM.so
  libpool.so.1
  libmetacity-private.so.0
  libexchange-storage-1.2.so
  libgnomespeech.so
  libeel-2.so
  libtsnet.so.1
  libgstdataprotocol-0.10.so.0
  libvt0.so
  libnsl.so
  libgnomeprintui-2.so.0
  libidnkit.so.1
  libmakestate.so.1
  libgobject-2.0.so.0
  libaudiofile.so.0.0.2
  libproject.so
  libvdpau.so.1
  libpangocairo-1.0.so.0.2203.0
  extendedFILE.so.1
  libcupsimage.so.2
  nss_user.so.1
  libedata-book-1.2.so
  libgtksourceview-1.0.so.0
  libgdata-1.2.so
  libglib-2.0.so.0.1800.3
  libfstyp.so
  libORBit-imodule-2.so
  libC.so.5
  libpango-1.0.so.0.2203.0
  libvte.so.9.3.3
  libgnomevfs-2.so
  libtotem-plparser-mini.so
  libima.so.1
  libXrender.so.1
  libvorbisfile.so
  libotr.so.2
  libebackend-1.2.so.0.0.0
  libXmuu.so
  libproc.so
  libGLU.so
  libmtsk.so
  libcrypt_d.so
  libgnomeprint-2-2.so.0.1.0
  libexslt.so
  libpam.so.1
  libgmodule-2.0.so.0.1800.3
  libdiskmgt.so.1
  libcamel-1.2.so
  libpkg.so.1
  VBoxOGLfeedbackspu.so
  libfl.so
  libgmodule-2.0.so.0
  mpss.so.1
  libpoppler.so
  libexpat.so.1
  libexpat.so.0
  libgnomeprint-2.so.0.0.0
  libz.so
  libsysevent.so
  libgstcontroller-0.10.so.0
  libdevinfo.so.1
  libgnomeui-2.so
  libl.so
  libbonobo-activation.so.4
  libast.so.1
  libvorbisenc.so.2.0.3
  libgnome-menu.so.2
  libnetsnmpagent.so.5
  libtheoraenc.so
  libcanberra.so
  libmlib_mt.so
  libgthread-2.0.so
  libpanel-applet-2.so.0.2.47
  libgstfft-0.10.so.0
  libgpg-error.so.0.4.0
  libtotem-plparser-mini.so.12.0.3
  libavahi-gobject.so.0.0.1
  libdecoration.so.0
  libXrender.so
  libexif.so
  libedataserverui-1.2.so.8.1.0
  libgpilotdconduit.so.2.0.4
  libXfixes.so.1
  nss_compat.so.1
  libgtkspell.so
  libsched.so
  libXtst.so
  libsocket.so
  libgstcdda-0.10.so.0.15.0
  libcommputil.so.1
  libmail.so
  sudo_noexec.so
  libgnomeprintui-2-2.so.0
  libXrandr.so.2
  libsysevent.so.1
  libgconf-2.so
  libpam.so
  libspeex.so
  libgstinterfaces-0.10.so.0.15.0
  libbsdmalloc.so.1
  libsoup-2.4.so.1.2.0
  libpixman-1.so
  libmtsk_db.so
  libvte.so.9
  libvisual-0.4.so.0
  libgstnetbuffer-0.10.so
  nss_ad.so.1
  libhal.so
  libwrap.so.1
  libXdamage.so
  libdbus-1.so.3
  libiostream.so.1
  libsmbfs.so.1
  libgpilotd.so.2.2.0
  libMagick++.so
  libXcomposite.so
  libmetacity-private.so.0.0.0
  libvorbisfile.so.3.2.0
  libcamel-provider-1.2.so.14.0.0
  libdevid.so
  libxml2.so.2
  libhal-storage.so
  libXinerama.so.1
  libzpool.so.1
  libORBitCosNaming-2.so.0.1.0
  libmvec.so
  libgnomeprintui-2.so.0.0.0
  libpcap.so.0.9.8
  libwsreg.so
  libgnutlsxx.so
  libpng.so.3
  librtld.so.1
  libgtkhtml-2.so.0.0.0
  libpng.so.2
  libspeex.so.1
  libgtop-2.0.so.7.2.0
  libanthydic.so
  libgcrypt.so.11.4.4
  libFLAC.so
  libtsnet.so
  libidmap.so
  libiiimcf.so.3.0.0
  librsvg-2.so
  librarian.so
  libogg.so.0.5.3
  libnvpair.so
  libXpm.so.4
  libWand.so.10.0.8
  libpthread.so
  libcmd.so.1
  libebackend-1.2.so.0
  librsvg-2.so.2
  libgnome-menu.so
  libogg.so
  libldap.so.5
  libpopt.so.0.0.0
  libldap.so.4
  libdoor.so
  libgnutls.so.26.1.6
  libjdns_sd.so
  libtermlib.so.1
  libldap.so
  libgtkhtml-3.14.so
  libxprof_audit.so
  libgnutls.so
  libefi.so
  libmd.so
  libgdk_pixbuf-2.0.so.0.1400.5
  libsched.so.1
  libmapmalloc.so.1
  libgnome-keyring.so.0
  liblm.so
  libipp.so.1
  libgstreamer-0.10.so
  liba2ps.so.1
  libgnomespeech.so.7
  libgstriff-0.10.so.0.15.0
  libXp.so.1
  libnvidia-tls.so
  libchewing.so.3.0.0
  libmd5.so
  libpng10.so.0.43.0
  libgstvideo-0.10.so.0.15.0
  libgstpbutils-0.10.so.0
  libform.so.1
  libvolmgt.so
  libstartup-notification-1.so
  libpng12.so
  libxenstore.so.3.0.0
  libpurple.so
  libpng12.so.0
  libproc.so.1
  libvdpau_nvidia.so
  libgnome-desktop-2.so.7
  libpkcs11.so
  libgstnet-0.10.so
  libgdk-x11-2.0.so.0.1400.5
  liby.so
  libmlib_mt.so.2
  libORBit-imodule-2.so.0.0.0
  libavahi-glib.so.1.0.1
  libbrlapi.so.0.5
  libgdict-1.0.so
  libcrypt.so.1
  libpurple-client.so
  libXpm.so
  librarian.so.0.0.0
  nss_dns.so.1
  libXext.so
  libzoneinfo.so
  libmd.so.1
  libgstbase-0.10.so.0
  libidmap.so.1
  libcspi.so.0.10.11
  libcurses.so.1
  libgpilotdconduit.so.2
  libpcrecpp.so
  libgailutil.so
  libgpilotdcm.so
  libbe.so
  libggzcore.so
  libfstyp.so.1
  libtiff.so
  libpcre.so
  libavahi-client.so.3.2.4
  libgnome-keyring.so.0.1.1
  libesd.so.0.2.39
  libgtksourceview-2.0.so.0.0.0
  libgpilotdcm.so.2
  libFLAC.so.8
  straddr.so.2
  libart_lgpl_2.so
  libcamel-1.2.so.14.0.0
  libgp11.so.0
  libdlpi.so.1
  libike.so.1
  libnautilus-burn.so.4.1.0
  libkvm.so
  libgstaudio-0.10.so
  libexchange-storage-1.2.so.3
  libdbus-glib-1.so.2.1.0
  libpcreposix.so.0
  libgss.so.1
  libdevice.so
  libsun_fc.so
  libnvidia-cfg.so.1
  libpciaccess.so.0
  libnls.so.1
  libiiimcf.so
  librcm.so
  libpangoxft-1.0.so.0
  libcrypt_d.so.1
  libwanbootutil.so.1
  libpapi-common.so
  libtermcap.so.1
  libavahi-glib.so
  libmail.so.1
  libwanboot.so.1
  libgstnet-0.10.so.0.18.0
  libcupsimage.so
  libjpeg.so.62.0.0
  lib300.so.1
  libgamin-1.so.0.1.10
  libXtsol.so
  libenchant.so.1.4.2
  libspeexdsp.so.1
  libSM.so.6
  libexif.so.12.2.1
  libspi.so
  libdemangle.so.1
  libxenstore.so
  libgss.so
  libpolkit.so
  libpoppler-glib.so
  libesd.so.0
  libchewing.so.3
  libenchant.so
  libnetsnmpmibs.so.5
  libnisdb.so
  libsasl.so.1
  libpcrecpp.so.0
  libgnome-keyring.so
  libpool.so
  libespeak.so.1.1.37
  libgailutil.so.18
  libfam.so.0.0.0
  liby.so.1
  libgstcdda-0.10.so
  libavahi-client.so
  libbonobo-2.so.0
  libgtkspell.so.0
  libggz.so.2.3.0
  libsecdb.so
  libprint.so.2
  libwnck-1.so
  libexif-gtk.so
  libORBit-2.so
  libgstbase-0.10.so.0.18.0
  libavahi-ui.so.0.1.0
  libfl.so.1
  libGLcore.so.1
  libsldap.so.1
  libgamin-1.so.0
  libchewing.so
  libglib-2.0.so
  libvorbisfile.so.3
  libgnome-menu.so.2.2.9
  libintl.so.1
  libgnomecanvas-2.so.0.2001.0
  libmusicbrainz.so.4
  libgcrypt.so
  libpicl.so
  libMagick++.so.10
  libspi.so.0.10.11
  libXdmcp.so
  libsun_ima.so.1
  libcontract.so
  libtheoraenc.so.1
  libstartup-notification-1.so.0.0.0
  libsqlite3.so
  libmalloc.so.1
  libdtrace_jni.so
  libgtkhtml-editor.so.0.0.0
  libpangocairo-1.0.so
  libggzcore.so.9
  lib4014.so.1
  libvorbis.so.0
  libedataserver-1.2.so.11
  libgpilotd.so
  libgp11.so
  libglade-2.0.so.0.0.7
  libavl.so.1
  librtld_db.so
  libfontconfig.so
  libipp-listener.so
  libdtrace_jni.so.1
  libggz.so.2
  libtheoraenc.so.1.0.1
  libgstrtsp-0.10.so.0
  libdecoration.so.0.0.0
  libgobject-2.0.so
  libanthydic.so.0.1.0
  libpango-1.0.so.0
  libiiimp.so.1
  libresolv.so.2
  libgstaudio-0.10.so.0
  libresolv.so.1
  libexacct.so
  libXv.so.1
  libgtop-2.0.so.7
  libgnome-mag.so.2
  libgtkhtml-2.so.0
  libdbus-glib-1.so.2
  librhythmbox-core.so.0
  libnetsnmp.so.5
  libcrypt_i.so.1
  libmtsk_db.so.1
  libpoppler.so.4.0.0
  libORBit-imodule-2.so.0
  libvdpau_trace.so
  libgnome-mag.so.2.3.4
  liblcms.so.1
  libgksu1.2.so.0.0.2
  libtheora.so.0
  libgnome-window-settings.so.1.0.0
  libcroco-0.6.so.3
  libgstrtsp-0.10.so.0.15.0
  libgucharmap.so.7.0.0
  libnautilus-burn.so
  libvdpau.so
  libeel-2.so.2
  libdll.so.1
  libwnck-1.so.22
  libXaw7.so
  libXxf86misc.so
  liblgrp.so.1
  libefi.so.1
  libjpeg.so
  libpkg.so
  libidnkit.so
  libHBAAPI.so.1
  nss_nis.so.1
  libanthyinput.so.0
  libloginhelper.so
  madv.so.1
  libexchange-storage-1.2.so.3.0.0
  libpthread.so.1
  libgweather.so.1.2.1
  libglade-2.0.so
  libpurple.so.0.5.5
  librpcsvc.so
  libsoup-2.4.so.1
  libinetutil.so.1
  libfam.so.0
  libxslt.so.1
  libMagick.so.10
  libtecla.so.1
  libXRes.so.1
  libc.so
  libHBAAPI.so
  libvorbis.so
  libhangul.so
  libGLU.so.1
  libmtmalloc.so
  libCrun.so.1
  libXcursor.so
  libgdk_pixbuf_xlib-2.0.so
  libedata-cal-1.2.so
  libgucharmap.so
  libmd5.so.1
  libmenu.so.1
  libdiskmgt.so
  libgphoto2_port.so.0
  libdecoration.so
  libproject.so.1
  libcamel-1.2.so.14
  VBoxOGLpassthroughspu.so
  libexslt.so.0
  libelf.so.1
  librcm.so.1
  libnetsnmpagent.so.5.0.9
  libpcreposix.so
  librt.so.1
  libsendfile.so
  libusb.so
  libzfs_jni.so
  libwsreg.so.1
  libnetsnmpagent.so
  libgksuui1.0.so
  libseaProxy.so
  libIDL-2.so.0.0.0
  libshell.so.1
  rpcsec.so.1
  libpangox-1.0.so.0
  libgphoto2_port.so
  libltdl.so.3.1.4
  libipp.so
  udapl_tavor.so.1
  libxnet.so.1
  libsmedia.so.1
  libtasn1.so.3.0.15
  libMagick.so.10.0.8
  libecal-1.2.so.7.2.1
  0@0.so.1
  libORBit-2.so.0.1.0
  libgtkhtml-3.14.so.19
  libavahi-core.so.5.0.5
  lib300s.so
  libtotem-plparser.so.12
  libXaw.so
  libexif.so.12
  libnetsnmphelpers.so.5
  libgthread-2.0.so.0
  libXau.so
  libegroupwise-1.2.so.13.0.1
  straddr.so
  librt.so
  libdtrace.so.1
  libbonobo-2.so.0.0.0
  libc.so.1
  libcspi.so.0
  libpoppler-glib.so.4
  libc_db.so.1
  libaio.so
  libggz.so
  libmusicbrainz.so.4.0.3
  libpisync.so
  libmetacity-private.so
  libogg.so.0
  libgtksourceview-1.0.so.0.0.0
  libsmedia.so
  liboil-0.3.so.0.3.0
  libedataserverui-1.2.so
  libggzcore.so.9.0.0
  VBoxOGLcrutil.so
  libmp.so
  libdaemon.so.0
  libexpat.so
  libcspi.so
  libbz2.so
  libgstrtsp-0.10.so
  libneon.so
  libgdk_pixbuf-2.0.so
  libtsol.so
  libX11.so.5
  libavahi-glib.so.1
  libIDL-2.so.0
  libX11.so.4
  libGLw.so
  libvisual-0.4.so
  libtheoradec.so.1.0.1
  libbsdmalloc.so
  libusb.so.1
  libmalloc.so
  libsexy.so
  libsoftcrypto.so
  libsoup-2.4.so
  libpng.so
  libgnomeprintui-2.so
  libform.so
  libXxf86misc.so.1
  libpangoxft-1.0.so.0.2203.0
  libpurple.so.0
  libstartup-notification-1.so.0
  libgnome-2.so
  libgstinterfaces-0.10.so.0
  libmp.so.2
  libgdict-1.0.so.6
  libhal-storage.so.1
  libmp.so.1
  libXft.so.2
  libgstcontroller-0.10.so.0.18.0
  libpoppler.so.4
  libdbus-glib-1.so
  libmvec.so.1
  libgksu1.2.so
  libavahi-ui.so.0
  librtld_db.so.1
  libdevice.so.1
  libw.so
  watchmalloc.so.1
  libgen.so.1
  libbonobo-activation.so
  libtdf.so.1
  libipsecutil.so.1
  libpangoxft-1.0.so
  libcanberra-gtk.so.0
  libxprof_audit.so.1
  libpng.so.2.43.0
  VBoxOGLpackspu.so
  libneon.so.25
  libkrb5.so
  libresolv.so
  liba2ps.so
  libdhcpagent.so.1
  libzoneinfo.so.1
  libzpool.so
  libgnomevfs-2.so.0.2400.0
  liboil-0.3.so
  libpangocairo-1.0.so.0
  libdbus-1.so.3.4.0
  libecal-1.2.so.7
  VBoxOGL.so
  libgnomeprint-2.so.0
  libthread_db.so
  libpicltree.so
  libtotem-plparser.so
  libegroupwise-1.2.so
  libvolmgt.so.1
  libexif-gtk.so.5.0.0
  libgdk_pixbuf_xlib-2.0.so.0
  libsctp.so.1
  libvisual-0.4.so.0.0.0
  libbrlapi.so
  libevbackend.so.0.0.0
  libpixman-1.so.0
  libgtkhtml-editor.so.0
  libprint.so
  libdemangle.so
  libaudiofile.so
  libexacct.so.1
  libbrand.so.1
  libICE.so.6
  libmusicbrainz.so
  libWand.so
  librhythmbox-core.so
  libltdl.so.3
  libfam.so
  libdat.so
  libXp.so
  libwnck-1.so.22.3.14
  libXi.so
  libMagick.so
  libw.so.1
  libXext.so.0
  libjpeg.so.62
  libcanberra-gtk.so
  libfreetype.so.6
  libgstsdp-0.10.so.0
  libgstrtp-0.10.so.0
  librarian.so.0
  librestart.so.1
  liblddbg.so.4
  libgnomeprint-2-2.so
  libgnome-mag.so
  libgstinterfaces-0.10.so
  libtheora.so.0.3.4
  libtcl8.4.so
  libnautilus-extension.so
  libespeak.so.1
  libgstsdp-0.10.so.0.15.0
  libgstrtp-0.10.so.0.15.0
  libavahi-gobject.so
  libcfgadm.so.1
  libtermlib.so
  libnetsnmpmibs.so.5.0.9
  libipp-core.so.0
  libgnomeprintui-2-2.so.0.1.0
  libpoppler-glib.so.4.0.0
  libgstbase-0.10.so
  libkstat.so
  libdbus-1.so
  libmeta.so.1
  nss_nisplus.so.1
  libwrap.so.1.0
  libzfs_jni.so.1
  libpcap.so
  libgnomecanvas-2.so
  libcpc.so.1
  libsun_fc.so.1
  libggzmod.so.4
  libgksuui1.0.so.0.0.0
  libgnomeprint-2-2.so.0
  libsoftcrypto.so.1
  libscf.so
  libcompizconfig.so.0.0.0
  libgen.so
  libXt.so.5
  libgtk-x11-2.0.so
  libbonoboui-2.so
  libXt.so.4
  libbonoboui-2.so.0
  libcairo.so.2
  libXxf86vm.so
  libedataserverui-1.2.so.8
  libavahi-common.so
  libpicl.so.1
  libgvfscommon.so
  libgnomeui-2.so.0.2400.0
  libavahi-common.so.3
  libipmi.so
  libgphoto2.so
  libpurple-client.so.0.5.5
  ld.so.1
  libdevinfo.so
  libdevid.so.1
  libgtkhtml-2.so
  libdat.so.1
  libumem.so
  libz.so.1
  libbaconvideowidget.so.0
  libcrypt_i.so
  libanthy.so.0.1.0
  libxenstore.so.3.0
  libmenu.so
  libedataserver-1.2.so
  libXtst.so.1
  libgdk-x11-2.0.so
  libgdk_pixbuf-2.0.so.0
  libgdk_pixbuf_xlib-2.0.so.0.1400.5
  libgnutlsxx.so.26.1.6
  libgstpbutils-0.10.so.0.15.0
  libXaw7.so.7
  libplot.so.1
  libplot.so
  libXaw.so.7
  libgnomeprint-2.so
  libxnet.so
  libcrypt.so
  libkstat.so.1
  libGL.so
  libXaw.so.5
  libl.so.1
  libdl.so
  libgpilotd.so.2
  libedataserver-1.2.so.11.0.0
  liblcms.so
  libSDL.so
  libpangoft2-1.0.so
  libGL.so.1
  libhal.so.1
  libanthy.so.0
  libavahi-core.so
  libgconf-2.so.4
  librsvg-2.so.2.22.3
  libORBit-2.so.0
  libkvm.so.1
  libpcre.so.0.0.0
  libXau.so.6
  libavahi-gobject.so.0
  libgstfft-0.10.so.0.15.0
  libcompizconfig.so
  libSDL-1.2.so.0
  libgio-2.0.so.0
  libglade-2.0.so.0
  lx_brand.so.1
  libadm.so.1
  libspi.so.0
  libcfgadm.so
  libtdf.so
  libdlpi.so
  libglib-2.0.so.0
  libsmbios.so.1
  libsec.so.1
  libgnomeui-2.so.0
  libotr.so
  libeel-2.so.2.24.1
  libpctx.so
  libICE.so
  libgpg-error.so.0
  libgnome-desktop-2.so.7.2.5
  lib4014.so
  libuuid.so.1
  libmlib.so.2
  libcanberra.so.0.1.2
  libedata-cal-1.2.so.6
  libspeex.so.1.5.0
  libavahi-common.so.3.5.0
  libatk-1.0.so.0.2409.1
  libhangul.so.0
  libpapi.so.0
  libgtkhtml-editor.so
  libXinerama.so
  libgstnetbuffer-0.10.so.0
  libXi.so.5
  libgstvideo-0.10.so.0
  libjdns_sd.so.1
  libtotem-plparser-mini.so.12
  libspeexdsp.so
  libnvidia-cfg.so
  libcommputil.so
  libXv.so
  libneon.so.25.0.5
  libnotify.so.1.1.2
  libsocket.so.1
  libtermcap.so
  passwdutil.so.1
  libevbackend.so
  libposix4.so.1
  libsum.so.1
  libXvMC.so
  libgtksourceview-1.0.so
  libXcomposite.so.1
  libloginhelper.so.0
  libima.so
  libsldap.so
  libgdata-1.2.so.1
  libtecla.so
  libgstreamer-0.10.so.0
  libgamin-1.so
  libavahi-client.so.3
  libgvfscommon.so.0.0.0
  libuutil.so.1
  libgconf-2.so.4.1.5
  libebook-1.2.so.9
  liba2ps.so.1.0.0
  libgdata-google-1.2.so.1
  libgweather.so
  libebackend-1.2.so
  libsun_ima.so
  libltdl.so
  libgailutil.so.18.0.1
  libmtmalloc.so.1
  liblm.so.1
  libgnome-media-profiles.so
  libcamel-provider-1.2.so
  libanthyinput.so.0.0.0
  libGLw.so.1
  libpkcs11.so.1
  VBoxOGLarrayspu.so
  libgphoto2_port.so.0.8.0
  libdns_sd.so
  libgnomecanvas-2.so.0
  libpng.so.3.35.0
  rpcsec.so
  libnautilus-burn.so.4
  libMagick++.so.10.0.8
  libpolkit.so.0.0.0
  libgvfscommon.so.0
  libgnutls.so.26
  libcups.so
  libcompizconfig.so.0
  libnetsnmphelpers.so.5.0.9
  libFLAC.so.8.2.0
  libgstaudio-0.10.so.0.15.0
  libzfs.so.1
  nss_mdns.so.1
  lib450.so.1
  liboil-0.3.so.0
  libipp-core.so
  libebook-1.2.so
  libggzmod.so
  libaiscf.so.1
  libmilter.so
  libgksu1.2.so.0
  libXmuu.so.1
  libshare.so.1
  libtasn1.so
  libgnutlsxx.so.26
  libegroupwise-1.2.so.13
  libgnomespeech.so.7.0.1
  libanthy.so
  libgtop-2.0.so
  libggzmod.so.4.1.0
  libbonobo-activation.so.4.0.0
  libcurses.so
  libpolkit.so.0
  libsexy.so.2.0.4
  libsmbios.so
  libgsttag-0.10.so.0.15.0
  libipp-listener.so.0
  libdtrace.so
  libbonoboui-2.so.0.0.0
  libart_lgpl_2.so.2.3.20
  libpanel-applet-2.so
  libORBitCosNaming-2.so.0
  libgnomeprintui-2-2.so
  libXtsol.so.1
  libnetsnmp.so.5.0.9
  libnls.so
  libgtksourceview-2.0.so
  libnvpair.so.1
  libtiff.so.3
  libgdata-google-1.2.so
  libXrandr.so
  libloginhelper.so.0.0.0
  libwrap.so
  libpangoft2-1.0.so.0.2203.0
  libdisasm.so
  libgnomevfs-2.so.0
  lib300s.so.1
  libebook-1.2.so.9.3.0
  libsys.so
  libgnome-window-settings.so
  libgdata-google-1.2.so.1.0.0
  libgnutls.so.13
  libpopt.so.0
  libtheora.so
  libzfs.so
  libgio-2.0.so.0.1800.3
  libpangox-1.0.so.0.2203.0
  libatk-1.0.so.0
  libgtk-x11-2.0.so.0
  libtotem-plparser.so.12.0.3
  libXRes.so
  libgtkhtml-3.14.so.19.1.0
  libaiscf.so
  libdns_sd.so.1
  libxslt.so
  libXxf86vm.so.1
  libpcreposix.so.0.0.0
  libpicltree.so.1
  libedata-book-1.2.so.2.4.1
  libnisdb.so.2
  libpurple-client.so.0
  libgstreamer-0.10.so.0.18.0
  libgstpbutils-0.10.so
  libORBitCosNaming-2.so
  libmtsk.so.1
  libavahi-ui.so
  libcroco-0.6.so.3.0.1
  libvorbisenc.so
  libtheoradec.so
  libgweather.so.1
  libdaemon.so.0.3.1
  libvt0.so.1
  libinetcfg.so.1
  libXft.so
  libavahi-core.so.5
  lib450.so
  libgstnetbuffer-0.10.so.0.15.0
  libgsttag-0.10.so
  libthread.so.1
  libpango-1.0.so
  libmilter.so.1
  libraidcfg.so.1
  libfreetype.so

Directory: /usr/X11/lib
  libXvMC.so.1
  libXcursor.so.1
  libXdmcp.so.6
  libXdamage.so.1
  libXmu.so.4
  libXrender.so.1
  libXfixes.so.1
  libXrandr.so.2
  libXinerama.so.1
  libXpm.so.4
  libXp.so.1
  libSM.so.6
  libXv.so.1
  libXRes.so.1
  libX11.so.4
  libXxf86misc.so.1
  libXft.so.2
  libICE.so.6
  libXext.so.0
  libXt.so.4
  libXtst.so.1
  libXaw7.so.7
  libXaw.so.5
  libXau.so.6
  libXi.so.5
  libXcomposite.so.1
  libXmuu.so.1
  libXtsol.so.1
  libXxf86vm.so.1

Directory: /usr/X11/lib/NVIDIA
  libnvidia-tls.so.1
  libvdpau.so.1
  libGLcore.so.1
  libvdpau_nvidia.so.1
  libvdpau_trace.so.1

Directory: /usr/X11/lib/mesa
  libGLU.so.1
  libGLw.so.1

Directory: /usr/sfw/lib
  libusb.so.1

Command line:
  crle -c /usr/local/ld.config -l /usr/local/lib:/lib:/usr/lib -i /usr/local/lib -i /lib -i /usr/lib

